<?xml version="1.0" encoding="UTF-8"?>
<testng-results ignored="0" total="2" passed="2" failed="0" skipped="0">
  <reporter-output>
  </reporter-output>
  <suite started-at="2021-08-26T11:35:53 PDT" name="Suite" finished-at="2021-08-26T11:36:16 PDT" duration-ms="22631">
    <groups>
    </groups>
    <test started-at="2021-08-26T11:35:53 PDT" name="EnglishTest" finished-at="2021-08-26T11:36:12 PDT" duration-ms="19193">
      <class name="testcase.EditLeadTC">
        <test-method is-config="true" signature="setFilename()[pri:0, instance:testcase.EditLeadTC@6e6f2380]" started-at="2021-08-26T11:35:53 PDT" name="setFilename" finished-at="2021-08-26T11:35:53 PDT" duration-ms="7" status="PASS">
          <reporter-output>
          </reporter-output>
        </test-method> <!-- setFilename -->
        <test-method is-config="true" signature="preCondition(java.lang.String)[pri:0, instance:testcase.EditLeadTC@6e6f2380]" started-at="2021-08-26T11:35:54 PDT" name="preCondition" finished-at="2021-08-26T11:35:57 PDT" duration-ms="3306" status="PASS">
          <params>
            <param index="0">
              <value>
                <![CDATA[english]]>
              </value>
            </param>
          </params>
          <reporter-output>
          </reporter-output>
        </test-method> <!-- preCondition -->
        <test-method signature="runEditLeadTC(java.lang.String,java.lang.String)[pri:0, instance:testcase.EditLeadTC@6e6f2380]" started-at="2021-08-26T11:35:57 PDT" name="runEditLeadTC" data-provider="fetchdata" finished-at="2021-08-26T11:36:12 PDT" duration-ms="14985" status="PASS">
          <params>
            <param index="0">
              <value>
                <![CDATA[213]]>
              </value>
            </param>
            <param index="1">
              <value>
                <![CDATA[Kohls]]>
              </value>
            </param>
          </params>
          <reporter-output>
          </reporter-output>
        </test-method> <!-- runEditLeadTC -->
        <test-method is-config="true" signature="postCondition()[pri:0, instance:testcase.EditLeadTC@6e6f2380]" started-at="2021-08-26T11:36:12 PDT" name="postCondition" finished-at="2021-08-26T11:36:12 PDT" duration-ms="147" status="PASS">
          <reporter-output>
          </reporter-output>
        </test-method> <!-- postCondition -->
      </class> <!-- testcase.EditLeadTC -->
    </test> <!-- EnglishTest -->
    <test started-at="2021-08-26T11:35:53 PDT" name="FrenchTest" finished-at="2021-08-26T11:36:16 PDT" duration-ms="22631">
      <class name="testcase.EditLeadTC">
        <test-method is-config="true" signature="setFilename()[pri:0, instance:testcase.EditLeadTC@3f191845]" started-at="2021-08-26T11:35:53 PDT" name="setFilename" finished-at="2021-08-26T11:35:53 PDT" duration-ms="7" status="PASS">
          <reporter-output>
          </reporter-output>
        </test-method> <!-- setFilename -->
        <test-method is-config="true" signature="preCondition(java.lang.String)[pri:0, instance:testcase.EditLeadTC@3f191845]" started-at="2021-08-26T11:35:54 PDT" name="preCondition" finished-at="2021-08-26T11:35:57 PDT" duration-ms="3318" status="PASS">
          <params>
            <param index="0">
              <value>
                <![CDATA[french]]>
              </value>
            </param>
          </params>
          <reporter-output>
          </reporter-output>
        </test-method> <!-- preCondition -->
        <test-method signature="runEditLeadTC(java.lang.String,java.lang.String)[pri:0, instance:testcase.EditLeadTC@3f191845]" started-at="2021-08-26T11:35:57 PDT" name="runEditLeadTC" data-provider="fetchdata" finished-at="2021-08-26T11:36:12 PDT" duration-ms="14449" status="PASS">
          <params>
            <param index="0">
              <value>
                <![CDATA[213]]>
              </value>
            </param>
            <param index="1">
              <value>
                <![CDATA[Kohls]]>
              </value>
            </param>
          </params>
          <reporter-output>
          </reporter-output>
        </test-method> <!-- runEditLeadTC -->
        <test-method is-config="true" signature="postCondition()[pri:0, instance:testcase.EditLeadTC@3f191845]" started-at="2021-08-26T11:36:12 PDT" name="postCondition" finished-at="2021-08-26T11:36:16 PDT" duration-ms="4111" status="PASS">
          <reporter-output>
          </reporter-output>
        </test-method> <!-- postCondition -->
      </class> <!-- testcase.EditLeadTC -->
    </test> <!-- FrenchTest -->
  </suite> <!-- Suite -->
</testng-results>
